Time:2020-07-04 20:00:00,142; FileName:myLogs.py;-> FuncName:printLog;  LineNo.:84; LevelNo.:20;--->LevelName:INFO;----->LogMessage:请求网址：https://www.lulutw.com/ 
Time:2020-07-04 20:00:00,148; FileName:myLogs.py;-> FuncName:printLog;  LineNo.:84; LevelNo.:20;--->LevelName:INFO;----->LogMessage:[] 
Time:2020-07-04 20:00:02,659; FileName:myLogs.py;-> FuncName:printLog;  LineNo.:84; LevelNo.:20;--->LevelName:INFO;----->LogMessage:请求网址：https://avcarcwjh328.vip/ 
Time:2020-07-04 20:00:02,662; FileName:myLogs.py;-> FuncName:printLog;  LineNo.:84; LevelNo.:20;--->LevelName:INFO;----->LogMessage:['<title>AvCar成人论坛_老司机汇集地 </title>'] 
Time:2020-07-04 20:00:03,797; FileName:myLogs.py;-> FuncName:printLog;  LineNo.:84; LevelNo.:20;--->LevelName:INFO;----->LogMessage:请求网址：https://xiyantv.bar/?green 
Time:2020-07-04 20:00:03,802; FileName:myLogs.py;-> FuncName:printLog;  LineNo.:84; LevelNo.:20;--->LevelName:INFO;----->LogMessage:[] 
Time:2020-07-04 20:00:04,132; FileName:myLogs.py;-> FuncName:printLog;  LineNo.:84; LevelNo.:20;--->LevelName:INFO;----->LogMessage:请求网址：https://www.xiaozhaolaila.com/ 
Time:2020-07-04 20:00:04,135; FileName:myLogs.py;-> FuncName:printLog;  LineNo.:84; LevelNo.:20;--->LevelName:INFO;----->LogMessage:['<title>小昭来啦 - 搜网盘 - 找小昭-首页</title>'] 
Time:2020-07-04 20:00:06,898; FileName:myLogs.py;-> FuncName:printLog;  LineNo.:84; LevelNo.:20;--->LevelName:INFO;----->LogMessage:请求网址：https://www.xecce.com/ 
Time:2020-07-04 20:00:06,900; FileName:myLogs.py;-> FuncName:printLog;  LineNo.:84; LevelNo.:20;--->LevelName:INFO;----->LogMessage:['<title>100% Free Best Porn at Xecce.com</title>'] 
Time:2020-07-04 20:00:07,757; FileName:myLogs.py;-> FuncName:printLog;  LineNo.:84; LevelNo.:20;--->LevelName:INFO;----->LogMessage:请求网址：http://xizi19.top/?green 
Time:2020-07-04 20:00:07,766; FileName:myLogs.py;-> FuncName:printLog;  LineNo.:84; LevelNo.:20;--->LevelName:INFO;----->LogMessage:['<title>国产大陆偷偷自拍</title>'] 
Time:2020-07-04 20:00:08,558; FileName:myLogs.py;-> FuncName:printLog;  LineNo.:84; LevelNo.:20;--->LevelName:INFO;----->LogMessage:请求网址：https://help888.xyz/?green 
Time:2020-07-04 20:00:08,561; FileName:myLogs.py;-> FuncName:printLog;  LineNo.:84; LevelNo.:20;--->LevelName:INFO;----->LogMessage:['<title>淘色閣-在線免費淘AV.</title>'] 
Time:2020-07-04 20:00:09,364; FileName:myLogs.py;-> FuncName:printLog;  LineNo.:84; LevelNo.:20;--->LevelName:INFO;----->LogMessage:请求网址：http://www.qryy.xyz/ 
Time:2020-07-04 20:00:09,370; FileName:myLogs.py;-> FuncName:printLog;  LineNo.:84; LevelNo.:20;--->LevelName:INFO;----->LogMessage:['<title>晴儿影音-国产自拍-国产视频-国产AV-最新最全的成人视频在线播放网站 </title>'] 
Time:2020-07-04 20:00:10,178; FileName:myLogs.py;-> FuncName:printLog;  LineNo.:84; LevelNo.:20;--->LevelName:INFO;----->LogMessage:请求网址：http://picxxx.top/ 
Time:2020-07-04 20:00:10,181; FileName:myLogs.py;-> FuncName:printLog;  LineNo.:84; LevelNo.:20;--->LevelName:INFO;----->LogMessage:['<title>Nsfwpicx</title>'] 
Time:2020-07-04 20:00:11,089; FileName:myLogs.py;-> FuncName:printLog;  LineNo.:84; LevelNo.:20;--->LevelName:INFO;----->LogMessage:请求网址：http://www.timliao.com/bbs/forumdisplay.php?fid=18 
Time:2020-07-04 20:00:11,097; FileName:myLogs.py;-> FuncName:printLog;  LineNo.:84; LevelNo.:20;--->LevelName:INFO;----->LogMessage:[] 
Time:2020-07-04 20:00:16,138; FileName:myLogs.py;-> FuncName:printErrorLog;  LineNo.:90; LevelNo.:40;--->LevelName:ERROR;----->LogMessage:获取页面请求响应超时异常：HTTPSConnectionPool(host='1024zy.ws', port=443): Max retries exceeded with url: / (Caused by ConnectTimeoutError(<urllib3.connection.VerifiedHTTPSConnection object at 0x000001D7C4565550>, 'Connection to 1024zy.ws timed out. (connect timeout=5)')) 
Time:2020-07-04 20:00:16,140; FileName:myLogs.py;-> FuncName:printErrorLog;  LineNo.:90; LevelNo.:40;--->LevelName:ERROR;----->LogMessage:第1次请求响应超时... 
Time:2020-07-04 20:00:21,159; FileName:myLogs.py;-> FuncName:printErrorLog;  LineNo.:90; LevelNo.:40;--->LevelName:ERROR;----->LogMessage:获取页面请求响应超时异常：HTTPSConnectionPool(host='1024zy.ws', port=443): Max retries exceeded with url: / (Caused by ConnectTimeoutError(<urllib3.connection.VerifiedHTTPSConnection object at 0x000001D7C475F518>, 'Connection to 1024zy.ws timed out. (connect timeout=5)')) 
Time:2020-07-04 20:00:21,161; FileName:myLogs.py;-> FuncName:printErrorLog;  LineNo.:90; LevelNo.:40;--->LevelName:ERROR;----->LogMessage:第2次请求响应超时... 
Time:2020-07-04 20:00:26,178; FileName:myLogs.py;-> FuncName:printErrorLog;  LineNo.:90; LevelNo.:40;--->LevelName:ERROR;----->LogMessage:获取页面请求响应超时异常：HTTPSConnectionPool(host='1024zy.ws', port=443): Max retries exceeded with url: / (Caused by ConnectTimeoutError(<urllib3.connection.VerifiedHTTPSConnection object at 0x000001D7C428F5F8>, 'Connection to 1024zy.ws timed out. (connect timeout=5)')) 
Time:2020-07-04 20:00:26,180; FileName:myLogs.py;-> FuncName:printErrorLog;  LineNo.:90; LevelNo.:40;--->LevelName:ERROR;----->LogMessage:第3次请求响应超时... 
Time:2020-07-04 20:00:31,196; FileName:myLogs.py;-> FuncName:printErrorLog;  LineNo.:90; LevelNo.:40;--->LevelName:ERROR;----->LogMessage:获取页面请求响应超时异常：HTTPSConnectionPool(host='1024zy.ws', port=443): Max retries exceeded with url: / (Caused by ConnectTimeoutError(<urllib3.connection.VerifiedHTTPSConnection object at 0x000001D7C447C4E0>, 'Connection to 1024zy.ws timed out. (connect timeout=5)')) 
Time:2020-07-04 20:00:31,198; FileName:myLogs.py;-> FuncName:printErrorLog;  LineNo.:90; LevelNo.:40;--->LevelName:ERROR;----->LogMessage:第4次请求响应超时... 
Time:2020-07-04 20:00:36,215; FileName:myLogs.py;-> FuncName:printErrorLog;  LineNo.:90; LevelNo.:40;--->LevelName:ERROR;----->LogMessage:获取页面请求响应超时异常：HTTPSConnectionPool(host='1024zy.ws', port=443): Max retries exceeded with url: / (Caused by ConnectTimeoutError(<urllib3.connection.VerifiedHTTPSConnection object at 0x000001D7C42A56A0>, 'Connection to 1024zy.ws timed out. (connect timeout=5)')) 
Time:2020-07-04 20:00:36,218; FileName:myLogs.py;-> FuncName:printErrorLog;  LineNo.:90; LevelNo.:40;--->LevelName:ERROR;----->LogMessage:第5次请求响应超时... 
Time:2020-07-04 20:00:36,530; FileName:myLogs.py;-> FuncName:printLog;  LineNo.:84; LevelNo.:20;--->LevelName:INFO;----->LogMessage:请求网址：http://vip.92haohuo.com/ 
Time:2020-07-04 20:00:36,538; FileName:myLogs.py;-> FuncName:printLog;  LineNo.:84; LevelNo.:20;--->LevelName:INFO;----->LogMessage:['<title>92影院_就爱VIP影院_92VIP影院_在线看_高清电影_就爱影院_就爱影视</title>'] 
Time:2020-07-04 20:00:41,572; FileName:myLogs.py;-> FuncName:printErrorLog;  LineNo.:90; LevelNo.:40;--->LevelName:ERROR;----->LogMessage:获取页面请求响应超时异常：HTTPConnectionPool(host='legs.a-hadaka.jp', port=80): Max retries exceeded with url: / (Caused by ConnectTimeoutError(<urllib3.connection.HTTPConnection object at 0x000001D7C44221D0>, 'Connection to legs.a-hadaka.jp timed out. (connect timeout=5)')) 
Time:2020-07-04 20:00:41,574; FileName:myLogs.py;-> FuncName:printErrorLog;  LineNo.:90; LevelNo.:40;--->LevelName:ERROR;----->LogMessage:第1次请求响应超时... 
Time:2020-07-04 20:00:46,592; FileName:myLogs.py;-> FuncName:printErrorLog;  LineNo.:90; LevelNo.:40;--->LevelName:ERROR;----->LogMessage:获取页面请求响应超时异常：HTTPConnectionPool(host='legs.a-hadaka.jp', port=80): Max retries exceeded with url: / (Caused by ConnectTimeoutError(<urllib3.connection.HTTPConnection object at 0x000001D7C5863F60>, 'Connection to legs.a-hadaka.jp timed out. (connect timeout=5)')) 
Time:2020-07-04 20:00:46,594; FileName:myLogs.py;-> FuncName:printErrorLog;  LineNo.:90; LevelNo.:40;--->LevelName:ERROR;----->LogMessage:第2次请求响应超时... 
Time:2020-07-04 20:00:51,611; FileName:myLogs.py;-> FuncName:printErrorLog;  LineNo.:90; LevelNo.:40;--->LevelName:ERROR;----->LogMessage:获取页面请求响应超时异常：HTTPConnectionPool(host='legs.a-hadaka.jp', port=80): Max retries exceeded with url: / (Caused by ConnectTimeoutError(<urllib3.connection.HTTPConnection object at 0x000001D7C42D3C88>, 'Connection to legs.a-hadaka.jp timed out. (connect timeout=5)')) 
Time:2020-07-04 20:00:51,613; FileName:myLogs.py;-> FuncName:printErrorLog;  LineNo.:90; LevelNo.:40;--->LevelName:ERROR;----->LogMessage:第3次请求响应超时... 
Time:2020-07-04 20:00:56,629; FileName:myLogs.py;-> FuncName:printErrorLog;  LineNo.:90; LevelNo.:40;--->LevelName:ERROR;----->LogMessage:获取页面请求响应超时异常：HTTPConnectionPool(host='legs.a-hadaka.jp', port=80): Max retries exceeded with url: / (Caused by ConnectTimeoutError(<urllib3.connection.HTTPConnection object at 0x000001D7C452FCF8>, 'Connection to legs.a-hadaka.jp timed out. (connect timeout=5)')) 
Time:2020-07-04 20:00:56,631; FileName:myLogs.py;-> FuncName:printErrorLog;  LineNo.:90; LevelNo.:40;--->LevelName:ERROR;----->LogMessage:第4次请求响应超时... 
Time:2020-07-04 20:01:01,680; FileName:myLogs.py;-> FuncName:printErrorLog;  LineNo.:90; LevelNo.:40;--->LevelName:ERROR;----->LogMessage:获取页面请求响应超时异常：HTTPConnectionPool(host='legs.a-hadaka.jp', port=80): Max retries exceeded with url: / (Caused by ConnectTimeoutError(<urllib3.connection.HTTPConnection object at 0x000001D7C4721358>, 'Connection to legs.a-hadaka.jp timed out. (connect timeout=5)')) 
Time:2020-07-04 20:01:01,687; FileName:myLogs.py;-> FuncName:printErrorLog;  LineNo.:90; LevelNo.:40;--->LevelName:ERROR;----->LogMessage:第5次请求响应超时... 
Time:2020-07-04 20:01:17,757; FileName:myLogs.py;-> FuncName:printErrorLog;  LineNo.:90; LevelNo.:40;--->LevelName:ERROR;----->LogMessage:获取页面请求响应超时异常：HTTPSConnectionPool(host='5i3p.club', port=443): Max retries exceeded with url: / (Caused by ConnectTimeoutError(<urllib3.connection.VerifiedHTTPSConnection object at 0x000001D7C4488DA0>, 'Connection to 5i3p.club timed out. (connect timeout=5)')) 
Time:2020-07-04 20:01:17,759; FileName:myLogs.py;-> FuncName:printErrorLog;  LineNo.:90; LevelNo.:40;--->LevelName:ERROR;----->LogMessage:第1次请求响应超时... 
Time:2020-07-04 20:01:32,783; FileName:myLogs.py;-> FuncName:printErrorLog;  LineNo.:90; LevelNo.:40;--->LevelName:ERROR;----->LogMessage:获取页面请求响应超时异常：HTTPSConnectionPool(host='5i3p.club', port=443): Max retries exceeded with url: / (Caused by ConnectTimeoutError(<urllib3.connection.VerifiedHTTPSConnection object at 0x000001D7C4405E80>, 'Connection to 5i3p.club timed out. (connect timeout=5)')) 
Time:2020-07-04 20:01:32,791; FileName:myLogs.py;-> FuncName:printErrorLog;  LineNo.:90; LevelNo.:40;--->LevelName:ERROR;----->LogMessage:第2次请求响应超时... 
